<?xml version="1.0" encoding="UTF-8"?>
<testng-results skipped="0" failed="0" ignored="0" total="1" passed="1">
  <reporter-output>
  </reporter-output>
  <suite name="Suite" duration-ms="882" started-at="2021-02-10T16:01:12Z" finished-at="2021-02-10T16:01:12Z">
    <groups>
      <group name="login">
        <method signature="LoginTest.login()[pri:0, instance:com.systech.tradewinds.sdms.Test.LoginTest@79ad8b2f]" name="login" class="com.systech.tradewinds.sdms.Test.LoginTest"/>
      </group> <!-- login -->
    </groups>
    <test name="Test" duration-ms="882" started-at="2021-02-10T16:01:12Z" finished-at="2021-02-10T16:01:12Z">
      <class name="com.systech.tradewinds.sdms.Test.LoginTest">
        <test-method status="PASS" signature="beforeTest()[pri:0, instance:com.systech.tradewinds.sdms.Test.LoginTest@79ad8b2f]" name="beforeTest" is-config="true" duration-ms="17950" started-at="2021-02-10T16:00:54Z" finished-at="2021-02-10T16:01:12Z">
          <reporter-output>
          </reporter-output>
        </test-method> <!-- beforeTest -->
        <test-method status="PASS" signature="login()[pri:0, instance:com.systech.tradewinds.sdms.Test.LoginTest@79ad8b2f]" name="login" duration-ms="856" started-at="2021-02-10T16:01:12Z" finished-at="2021-02-10T16:01:12Z">
          <reporter-output>
          </reporter-output>
        </test-method> <!-- login -->
        <test-method status="PASS" signature="afterTest()[pri:0, instance:com.systech.tradewinds.sdms.Test.LoginTest@79ad8b2f]" name="afterTest" is-config="true" duration-ms="3491" started-at="2021-02-10T16:01:12Z" finished-at="2021-02-10T16:01:16Z">
          <reporter-output>
          </reporter-output>
        </test-method> <!-- afterTest -->
      </class> <!-- com.systech.tradewinds.sdms.Test.LoginTest -->
    </test> <!-- Test -->
  </suite> <!-- Suite -->
</testng-results>
