<?xml version="1.0" encoding="UTF-8"?>
<!-- Generated by org.testng.reporters.JUnitXMLReporter -->
<testsuite hostname="Sathya" ignored="0" name="Test" tests="2" failures="1" timestamp="04 May 2020 14:14:59 GMT" time="5.974" errors="0">
  <testcase name="login" time="0.786" classname="com.systech.tradewinds.sdms.Test.LoginTest"/>
  <testcase name="insertChargesMaster" time="0.181" classname="com.systech.tradewinds.sdms.Test.ChargesMaserTest">
    <failure type="org.testng.internal.reflect.MethodMatcherException" message="
Data provider mismatch
Method: insertChargesMaster([Parameter{index=0, type=java.lang.String, declaredAnnotations=[]}, Parameter{index=1, type=java.lang.String, declaredAnnotations=[]}])
Arguments: [(java.lang.String) Test,(java.lang.String) 123,(java.lang.String) ,(java.lang.String) ,(java.lang.String) ,(java.lang.String) ]">
      <![CDATA[org.testng.internal.reflect.MethodMatcherException: 
Data provider mismatch
Method: insertChargesMaster([Parameter{index=0, type=java.lang.String, declaredAnnotations=[]}, Parameter{index=1, type=java.lang.String, declaredAnnotations=[]}])
Arguments: [(java.lang.String) Test,(java.lang.String) 123,(java.lang.String) ,(java.lang.String) ,(java.lang.String) ,(java.lang.String) ]
... Removed 20 stack frames]]>
    </failure>
  </testcase> <!-- insertChargesMaster -->
</testsuite> <!-- Test -->
